<?xml version="1.0" encoding="UTF-8"?>
<!-- Generated by org.testng.reporters.JUnitReportReporter -->
<testsuite hostname="DESKTOP-3532FUI" name="login.day01" tests="1" failures="0" timestamp="25 Mar 2019 06:02:32 GMT" time="10.684" errors="0">
  <testcase name="testUntitled" time="10.684" classname="login.day01"/>
</testsuite> <!-- login.day01 -->
